<?xml version="1.0" encoding="UTF-8"?>
<!-- Generated by org.testng.reporters.JUnitReportReporter -->
<testsuite skipped="0" hostname="MTY-LCGAZJN4EJZ" name="org.java.testing.tests.LogIn" tests="1" failures="0" timestamp="2022-03-18T10:54:05 CST" time="11.718" errors="0">
  <testcase name="LogIn" time="11.718" classname="org.java.testing.tests.LogIn"/>
  <system-out/>
</testsuite> <!-- org.java.testing.tests.LogIn -->
