<?xml version="1.0" encoding="UTF-8"?>
<!-- Generated by org.testng.reporters.JUnitReportReporter -->
<testsuite skipped="0" hostname="MTY-LCGAZJN4EJZ" name="org.java.testing.tests.NewAddress" tests="1" failures="0" timestamp="2022-03-18T12:07:48 CST" time="20.549" errors="0">
  <testcase name="LogIn" time="20.549" classname="org.java.testing.tests.NewAddress"/>
  <system-out/>
</testsuite> <!-- org.java.testing.tests.NewAddress -->
