<?xml version="1.0" encoding="UTF-8"?>
<!-- Generated by org.testng.reporters.JUnitReportReporter -->
<testsuite skipped="0" hostname="MTY-LCGAZJN4EJZ" name="org.java.testing.tests.AddToCart" tests="1" failures="0" timestamp="2022-03-18T12:17:42 CST" time="20.066" errors="0">
  <testcase name="LogIn" time="20.066" classname="org.java.testing.tests.AddToCart"/>
  <system-out/>
</testsuite> <!-- org.java.testing.tests.AddToCart -->
